# JRE version: OpenJDK Runtime Environment (8.0_76-b32) (build 1.8.0_76-release-b32)
# Java VM: OpenJDK 64-Bit Server VM (25.76-b32 mixed mode linux-amd64 compressed oops)
Heap:
 par new generation   total 39296K, used 12302K [0x00000000d1200000, 0x00000000d3ca0000, 0x00000000e0c00000)
  eden space 34944K,  22% used [0x00000000d1200000, 0x00000000d19c3890, 0x00000000d3420000)
  from space 4352K, 100% used [0x00000000d3420000, 0x00000000d3860000, 0x00000000d3860000)
  to   space 4352K,   0% used [0x00000000d3860000, 0x00000000d3860000, 0x00000000d3ca0000)
 concurrent mark-sweep generation total 170116K, used 83992K [0x00000000e0c00000, 0x00000000eb221000, 0x0000000100000000)
 Metaspace       used 108597K, capacity 111154K, committed 111736K, reserved 1144832K
  class space    used 15696K, capacity 16525K, committed 16596K, reserved 1048576K
GC Heap History (10 events):
Event: 12.935 GC heap before
{Heap before GC invocations=21 (full 3):
 par new generation   total 39296K, used 39296K [0x00000000d1200000, 0x00000000d3ca0000, 0x00000000e0c00000)
  eden space 34944K, 100% used [0x00000000d1200000, 0x00000000d3420000, 0x00000000d3420000)
  from space 4352K, 100% used [0x00000000d3860000, 0x00000000d3ca0000, 0x00000000d3ca0000)
  to   space 4352K,   0% used [0x00000000d3420000, 0x00000000d3420000, 0x00000000d3860000)
 concurrent mark-sweep generation total 170116K, used 106419K [0x00000000e0c00000, 0x00000000eb221000, 0x0000000100000000)
 Metaspace       used 90959K, capacity 93376K, committed 93688K, reserved 1130496K
  class space    used 12851K, capacity 13626K, committed 13652K, reserved 1048576K
Event: 12.941 GC heap after
Heap after GC invocations=22 (full 3):
 par new generation   total 39296K, used 2256K [0x00000000d1200000, 0x00000000d3ca0000, 0x00000000e0c00000)
  eden space 34944K,   0% used [0x00000000d1200000, 0x00000000d1200000, 0x00000000d3420000)
  from space 4352K,  51% used [0x00000000d3420000, 0x00000000d3654298, 0x00000000d3860000)
  to   space 4352K,   0% used [0x00000000d3860000, 0x00000000d3860000, 0x00000000d3ca0000)
 concurrent mark-sweep generation total 170116K, used 106419K [0x00000000e0c00000, 0x00000000eb221000, 0x0000000100000000)
 Metaspace       used 90959K, capacity 93376K, committed 93688K, reserved 1130496K
  class space    used 12851K, capacity 13626K, committed 13652K, reserved 1048576K
}
Event: 15.112 GC heap before
{Heap before GC invocations=22 (full 3):
 par new generation   total 39296K, used 37200K [0x00000000d1200000, 0x00000000d3ca0000, 0x00000000e0c00000)
  eden space 34944K, 100% used [0x00000000d1200000, 0x00000000d3420000, 0x00000000d3420000)
  from space 4352K,  51% used [0x00000000d3420000, 0x00000000d3654298, 0x00000000d3860000)
  to   space 4352K,   0% used [0x00000000d3860000, 0x00000000d3860000, 0x00000000d3ca0000)
 concurrent mark-sweep generation total 170116K, used 106419K [0x00000000e0c00000, 0x00000000eb221000, 0x0000000100000000)
 Metaspace       used 97818K, capacity 100202K, committed 100600K, reserved 1134592K
  class space    used 13846K, capacity 14675K, committed 14676K, reserved 1048576K
Event: 15.126 GC heap after
Heap after GC invocations=23 (full 3):
 par new generation   total 39296K, used 4004K [0x00000000d1200000, 0x00000000d3ca0000, 0x00000000e0c00000)
  eden space 34944K,   0% used [0x00000000d1200000, 0x00000000d1200000, 0x00000000d3420000)
  from space 4352K,  92% used [0x00000000d3860000, 0x00000000d3c492f0, 0x00000000d3ca0000)
  to   space 4352K,   0% used [0x00000000d3420000, 0x00000000d3420000, 0x00000000d3860000)
 concurrent mark-sweep generation total 170116K, used 107862K [0x00000000e0c00000, 0x00000000eb221000, 0x0000000100000000)
 Metaspace       used 97818K, capacity 100202K, committed 100600K, reserved 1134592K
  class space    used 13846K, capacity 14675K, committed 14676K, reserved 1048576K
}
Event: 16.593 GC heap before
{Heap before GC invocations=23 (full 3):
 par new generation   total 39296K, used 38948K [0x00000000d1200000, 0x00000000d3ca0000, 0x00000000e0c00000)
  eden space 34944K, 100% used [0x00000000d1200000, 0x00000000d3420000, 0x00000000d3420000)
  from space 4352K,  92% used [0x00000000d3860000, 0x00000000d3c492f0, 0x00000000d3ca0000)
  to   space 4352K,   0% used [0x00000000d3420000, 0x00000000d3420000, 0x00000000d3860000)
 concurrent mark-sweep generation total 170116K, used 107862K [0x00000000e0c00000, 0x00000000eb221000, 0x0000000100000000)
 Metaspace       used 106064K, capacity 108624K, committed 109176K, reserved 1142784K
  class space    used 15443K, capacity 16282K, committed 16340K, reserved 1048576K
Event: 16.629 GC heap after
Heap after GC invocations=24 (full 3):
 par new generation   total 39296K, used 4352K [0x00000000d1200000, 0x00000000d3ca0000, 0x00000000e0c00000)
  eden space 34944K,   0% used [0x00000000d1200000, 0x00000000d1200000, 0x00000000d3420000)
  from space 4352K, 100% used [0x00000000d3420000, 0x00000000d3860000, 0x00000000d3860000)
  to   space 4352K,   0% used [0x00000000d3860000, 0x00000000d3860000, 0x00000000d3ca0000)
 concurrent mark-sweep generation total 170116K, used 114463K [0x00000000e0c00000, 0x00000000eb221000, 0x0000000100000000)
 Metaspace       used 106064K, capacity 108624K, committed 109176K, reserved 1142784K
  class space    used 15443K, capacity 16282K, committed 16340K, reserved 1048576K
}
Event: 16.988 GC heap before
{Heap before GC invocations=24 (full 3):
 par new generation   total 39296K, used 39296K [0x00000000d1200000, 0x00000000d3ca0000, 0x00000000e0c00000)
  eden space 34944K, 100% used [0x00000000d1200000, 0x00000000d3420000, 0x00000000d3420000)
  from space 4352K, 100% used [0x00000000d3420000, 0x00000000d3860000, 0x00000000d3860000)
  to   space 4352K,   0% used [0x00000000d3860000, 0x00000000d3860000, 0x00000000d3ca0000)
 concurrent mark-sweep generation total 170116K, used 114463K [0x00000000e0c00000, 0x00000000eb221000, 0x0000000100000000)
 Metaspace       used 106504K, capacity 109082K, committed 109560K, reserved 1142784K
  class space    used 15495K, capacity 16349K, committed 16468K, reserved 1048576K
Event: 17.051 GC heap after
Heap after GC invocations=25 (full 3):
 par new generation   total 39296K, used 4352K [0x00000000d1200000, 0x00000000d3ca0000, 0x00000000e0c00000)
  eden space 34944K,   0% used [0x00000000d1200000, 0x00000000d1200000, 0x00000000d3420000)
  from space 4352K, 100% used [0x00000000d3860000, 0x00000000d3ca0000, 0x00000000d3ca0000)
  to   space 4352K,   0% used [0x00000000d3420000, 0x00000000d3420000, 0x00000000d3860000)
 concurrent mark-sweep generation total 170116K, used 130416K [0x00000000e0c00000, 0x00000000eb221000, 0x0000000100000000)
 Metaspace       used 106504K, capacity 109082K, committed 109560K, reserved 1142784K
  class space    used 15495K, capacity 16349K, committed 16468K, reserved 1048576K
}
Event: 362.985 GC heap before
{Heap before GC invocations=25 (full 4):
 par new generation   total 39296K, used 39296K [0x00000000d1200000, 0x00000000d3ca0000, 0x00000000e0c00000)
  eden space 34944K, 100% used [0x00000000d1200000, 0x00000000d3420000, 0x00000000d3420000)
  from space 4352K, 100% used [0x00000000d3860000, 0x00000000d3ca0000, 0x00000000d3ca0000)
  to   space 4352K,   0% used [0x00000000d3420000, 0x00000000d3420000, 0x00000000d3860000)
 concurrent mark-sweep generation total 170116K, used 82159K [0x00000000e0c00000, 0x00000000eb221000, 0x0000000100000000)
 Metaspace       used 108561K, capacity 111090K, committed 111736K, reserved 1144832K
  class space    used 15693K, capacity 16525K, committed 16596K, reserved 1048576K
Event: 363.000 GC heap after
Heap after GC invocations=26 (full 4):
 par new generation   total 39296K, used 4352K [0x00000000d1200000, 0x00000000d3ca0000, 0x00000000e0c00000)
  eden space 34944K,   0% used [0x00000000d1200000, 0x00000000d1200000, 0x00000000d3420000)
  from space 4352K, 100% used [0x00000000d3420000, 0x00000000d3860000, 0x00000000d3860000)
  to   space 4352K,   0% used [0x00000000d3860000, 0x00000000d3860000, 0x00000000d3ca0000)
 concurrent mark-sweep generation total 170116K, used 83992K [0x00000000e0c00000, 0x00000000eb221000, 0x0000000100000000)
 Metaspace       used 108561K, capacity 111090K, committed 111736K, reserved 1144832K
  class space    used 15693K, capacity 16525K, committed 16596K, reserved 1048576K
}

